# JRE version: OpenJDK Runtime Environment (8.0_111-b14) (build 1.8.0_111-8u111-b14-3~14.04.1-b14)
# Java VM: OpenJDK Server VM (25.111-b14 mixed mode linux-x86 )
Heap:
 PSYoungGen      total 75264K, used 10225K [0x918c0000, 0x96dc0000, 0xa6e00000)
  eden space 65024K, 0% used [0x918c0000,0x918c0000,0x95840000)
  from space 10240K, 99% used [0x95840000,0x9623c720,0x96240000)
  to   space 8704K, 0% used [0x96240000,0x96240000,0x96ac0000)
 ParOldGen       total 43776K, used 17444K [0x66e00000, 0x698c0000, 0x918c0000)
  object space 43776K, 39% used [0x66e00000,0x67f092f8,0x698c0000)
 Metaspace       used 4130K, capacity 4166K, committed 4248K, reserved 4400K
GC Heap History (10 events):
Event: 1.308 GC heap after
Heap after GC invocations=2 (full 0):
 PSYoungGen      total 19200K, used 2558K [0x918c0000, 0x93e40000, 0xa6e00000)
  eden space 16640K, 0% used [0x918c0000,0x918c0000,0x92900000)
  from space 2560K, 99% used [0x92b80000,0x92dff9a0,0x92e00000)
  to   space 2560K, 0% used [0x92900000,0x92900000,0x92b80000)
 ParOldGen       total 43776K, used 1907K [0x66e00000, 0x698c0000, 0x918c0000)
  object space 43776K, 4% used [0x66e00000,0x66fdcd30,0x698c0000)
 Metaspace       used 3796K, capacity 3846K, committed 3864K, reserved 4400K
}
Event: 1.523 GC heap before
{Heap before GC invocations=3 (full 0):
 PSYoungGen      total 19200K, used 19198K [0x918c0000, 0x93e40000, 0xa6e00000)
  eden space 16640K, 100% used [0x918c0000,0x92900000,0x92900000)
  from space 2560K, 99% used [0x92b80000,0x92dff9a0,0x92e00000)
  to   space 2560K, 0% used [0x92900000,0x92900000,0x92b80000)
 ParOldGen       total 43776K, used 1907K [0x66e00000, 0x698c0000, 0x918c0000)
  object space 43776K, 4% used [0x66e00000,0x66fdcd30,0x698c0000)
 Metaspace       used 3815K, capacity 3846K, committed 3864K, reserved 4400K
Event: 1.538 GC heap after
Heap after GC invocations=3 (full 0):
 PSYoungGen      total 19200K, used 2558K [0x918c0000, 0x93e40000, 0xa6e00000)
  eden space 16640K, 0% used [0x918c0000,0x918c0000,0x92900000)
  from space 2560K, 99% used [0x92900000,0x92b7f930,0x92b80000)
  to   space 2560K, 0% used [0x93bc0000,0x93bc0000,0x93e40000)
 ParOldGen       total 43776K, used 4513K [0x66e00000, 0x698c0000, 0x918c0000)
  object space 43776K, 10% used [0x66e00000,0x67268600,0x698c0000)
 Metaspace       used 3815K, capacity 3846K, committed 3864K, reserved 4400K
}
Event: 2.009 GC heap before
{Heap before GC invocations=4 (full 0):
 PSYoungGen      total 19200K, used 19198K [0x918c0000, 0x93e40000, 0xa6e00000)
  eden space 16640K, 100% used [0x918c0000,0x92900000,0x92900000)
  from space 2560K, 99% used [0x92900000,0x92b7f930,0x92b80000)
  to   space 2560K, 0% used [0x93bc0000,0x93bc0000,0x93e40000)
 ParOldGen       total 43776K, used 4513K [0x66e00000, 0x698c0000, 0x918c0000)
  object space 43776K, 10% used [0x66e00000,0x67268600,0x698c0000)
 Metaspace       used 3912K, capacity 3942K, committed 3992K, reserved 4400K
Event: 2.044 GC heap after
Heap after GC invocations=4 (full 0):
 PSYoungGen      total 35840K, used 2558K [0x918c0000, 0x93e40000, 0xa6e00000)
  eden space 33280K, 0% used [0x918c0000,0x918c0000,0x93940000)
  from space 2560K, 99% used [0x93bc0000,0x93e3f930,0x93e40000)
  to   space 2560K, 0% used [0x93940000,0x93940000,0x93bc0000)
 ParOldGen       total 43776K, used 7097K [0x66e00000, 0x698c0000, 0x918c0000)
  object space 43776K, 16% used [0x66e00000,0x674ee560,0x698c0000)
 Metaspace       used 3912K, capacity 3942K, committed 3992K, reserved 4400K
}
Event: 2.472 GC heap before
{Heap before GC invocations=5 (full 0):
 PSYoungGen      total 35840K, used 35838K [0x918c0000, 0x93e40000, 0xa6e00000)
  eden space 33280K, 100% used [0x918c0000,0x93940000,0x93940000)
  from space 2560K, 99% used [0x93bc0000,0x93e3f930,0x93e40000)
  to   space 2560K, 0% used [0x93940000,0x93940000,0x93bc0000)
 ParOldGen       total 43776K, used 7097K [0x66e00000, 0x698c0000, 0x918c0000)
  object space 43776K, 16% used [0x66e00000,0x674ee560,0x698c0000)
 Metaspace       used 3971K, capacity 4006K, committed 4120K, reserved 4400K
Event: 2.515 GC heap after
Heap after GC invocations=5 (full 0):
 PSYoungGen      total 35840K, used 2554K [0x918c0000, 0x96ac0000, 0xa6e00000)
  eden space 33280K, 0% used [0x918c0000,0x918c0000,0x93940000)
  from space 2560K, 99% used [0x93940000,0x93bbe970,0x93bc0000)
  to   space 8704K, 0% used [0x96240000,0x96240000,0x96ac0000)
 ParOldGen       total 43776K, used 12750K [0x66e00000, 0x698c0000, 0x918c0000)
  object space 43776K, 29% used [0x66e00000,0x67a73a00,0x698c0000)
 Metaspace       used 3971K, capacity 4006K, committed 4120K, reserved 4400K
}
Event: 2.866 GC heap before
{Heap before GC invocations=6 (full 0):
 PSYoungGen      total 35840K, used 35834K [0x918c0000, 0x96ac0000, 0xa6e00000)
  eden space 33280K, 100% used [0x918c0000,0x93940000,0x93940000)
  from space 2560K, 99% used [0x93940000,0x93bbe970,0x93bc0000)
  to   space 8704K, 0% used [0x96240000,0x96240000,0x96ac0000)
 ParOldGen       total 43776K, used 12750K [0x66e00000, 0x698c0000, 0x918c0000)
  object space 43776K, 29% used [0x66e00000,0x67a73a00,0x698c0000)
 Metaspace       used 4002K, capacity 4038K, committed 4120K, reserved 4400K
Event: 2.906 GC heap after
Heap after GC invocations=6 (full 0):
 PSYoungGen      total 73728K, used 8614K [0x918c0000, 0x96dc0000, 0xa6e00000)
  eden space 65024K, 0% used [0x918c0000,0x918c0000,0x95840000)
  from space 8704K, 98% used [0x96240000,0x96aa9bf0,0x96ac0000)
  to   space 10240K, 0% used [0x95840000,0x95840000,0x96240000)
 ParOldGen       total 43776K, used 12754K [0x66e00000, 0x698c0000, 0x918c0000)
  object space 43776K, 29% used [0x66e00000,0x67a74a00,0x698c0000)
 Metaspace       used 4002K, capacity 4038K, committed 4120K, reserved 4400K
}
Event: 5.837 GC heap before
{Heap before GC invocations=7 (full 0):
 PSYoungGen      total 73728K, used 73638K [0x918c0000, 0x96dc0000, 0xa6e00000)
  eden space 65024K, 100% used [0x918c0000,0x95840000,0x95840000)
  from space 8704K, 98% used [0x96240000,0x96aa9bf0,0x96ac0000)
  to   space 10240K, 0% used [0x95840000,0x95840000,0x96240000)
 ParOldGen       total 43776K, used 12754K [0x66e00000, 0x698c0000, 0x918c0000)
  object space 43776K, 29% used [0x66e00000,0x67a74a00,0x698c0000)
 Metaspace       used 4130K, capacity 4166K, committed 4248K, reserved 4400K

