# JRE version: OpenJDK Runtime Environment (8.0_111-b14) (build 1.8.0_111-8u111-b14-3~14.04.1-b14)
# Java VM: OpenJDK Server VM (25.111-b14 mixed mode linux-x86 )
Heap:
 PSYoungGen      total 215808K, used 3143K [0x918c0000, 0xa4c80000, 0xa6e00000)
  eden space 143872K, 0% used [0x918c0000,0x918c0000,0x9a540000)
  from space 71936K, 4% used [0x9a540000,0x9a851d70,0x9eb80000)
  to   space 69376K, 0% used [0xa08c0000,0xa08c0000,0xa4c80000)
 ParOldGen       total 192000K, used 191918K [0x66e00000, 0x72980000, 0x918c0000)
  object space 192000K, 99% used [0x66e00000,0x7296ba48,0x72980000)
 Metaspace       used 4233K, capacity 4262K, committed 4376K, reserved 4400K
GC Heap History (10 events):
Event: 11.059 GC heap after
Heap after GC invocations=9 (full 1):
 PSYoungGen      total 135424K, used 4078K [0x918c0000, 0x9cac0000, 0xa6e00000)
  eden space 120064K, 0% used [0x918c0000,0x918c0000,0x98e00000)
  from space 15360K, 26% used [0x9a740000,0x9ab3b998,0x9b640000)
  to   space 25856K, 0% used [0x98e00000,0x98e00000,0x9a740000)
 ParOldGen       total 78848K, used 43560K [0x66e00000, 0x6bb00000, 0x918c0000)
  object space 78848K, 55% used [0x66e00000,0x6988a170,0x6bb00000)
 Metaspace       used 4219K, capacity 4230K, committed 4248K, reserved 4400K
}
Event: 11.273 GC heap before
{Heap before GC invocations=10 (full 1):
 PSYoungGen      total 135424K, used 124142K [0x918c0000, 0x9cac0000, 0xa6e00000)
  eden space 120064K, 100% used [0x918c0000,0x98e00000,0x98e00000)
  from space 15360K, 26% used [0x9a740000,0x9ab3b998,0x9b640000)
  to   space 25856K, 0% used [0x98e00000,0x98e00000,0x9a740000)
 ParOldGen       total 78848K, used 43560K [0x66e00000, 0x6bb00000, 0x918c0000)
  object space 78848K, 55% used [0x66e00000,0x6988a170,0x6bb00000)
 Metaspace       used 4223K, capacity 4262K, committed 4376K, reserved 4400K
Event: 11.344 GC heap after
Heap after GC invocations=10 (full 1):
 PSYoungGen      total 145920K, used 25849K [0x918c0000, 0xa2fc0000, 0xa6e00000)
  eden space 120064K, 0% used [0x918c0000,0x918c0000,0x98e00000)
  from space 25856K, 99% used [0x98e00000,0x9a73e700,0x9a740000)
  to   space 54784K, 0% used [0x9fa40000,0x9fa40000,0xa2fc0000)
 ParOldGen       total 105216K, used 103385K [0x66e00000, 0x6d4c0000, 0x918c0000)
  object space 105216K, 98% used [0x66e00000,0x6d2f66c0,0x6d4c0000)
 Metaspace       used 4223K, capacity 4262K, committed 4376K, reserved 4400K
}
Event: 11.344 GC heap before
{Heap before GC invocations=11 (full 2):
 PSYoungGen      total 145920K, used 25849K [0x918c0000, 0xa2fc0000, 0xa6e00000)
  eden space 120064K, 0% used [0x918c0000,0x918c0000,0x98e00000)
  from space 25856K, 99% used [0x98e00000,0x9a73e700,0x9a740000)
  to   space 54784K, 0% used [0x9fa40000,0x9fa40000,0xa2fc0000)
 ParOldGen       total 105216K, used 103385K [0x66e00000, 0x6d4c0000, 0x918c0000)
  object space 105216K, 98% used [0x66e00000,0x6d2f66c0,0x6d4c0000)
 Metaspace       used 4223K, capacity 4262K, committed 4376K, reserved 4400K
Event: 11.517 GC heap after
Heap after GC invocations=11 (full 2):
 PSYoungGen      total 145920K, used 4089K [0x918c0000, 0xa2fc0000, 0xa6e00000)
  eden space 120064K, 0% used [0x918c0000,0x918c0000,0x98e00000)
  from space 25856K, 15% used [0x98e00000,0x991fe6a8,0x9a740000)
  to   space 54784K, 0% used [0x9fa40000,0x9fa40000,0xa2fc0000)
 ParOldGen       total 178688K, used 105090K [0x66e00000, 0x71c80000, 0x918c0000)
  object space 178688K, 58% used [0x66e00000,0x6d4a0908,0x71c80000)
 Metaspace       used 4223K, capacity 4262K, committed 4376K, reserved 4400K
}
Event: 11.621 GC heap before
{Heap before GC invocations=12 (full 2):
 PSYoungGen      total 145920K, used 124153K [0x918c0000, 0xa2fc0000, 0xa6e00000)
  eden space 120064K, 100% used [0x918c0000,0x98e00000,0x98e00000)
  from space 25856K, 15% used [0x98e00000,0x991fe6a8,0x9a740000)
  to   space 54784K, 0% used [0x9fa40000,0x9fa40000,0xa2fc0000)
 ParOldGen       total 178688K, used 105090K [0x66e00000, 0x71c80000, 0x918c0000)
  object space 178688K, 58% used [0x66e00000,0x6d4a0908,0x71c80000)
 Metaspace       used 4228K, capacity 4262K, committed 4376K, reserved 4400K
Event: 11.687 GC heap after
Heap after GC invocations=12 (full 2):
 PSYoungGen      total 198656K, used 54768K [0x918c0000, 0xa31c0000, 0xa6e00000)
  eden space 143872K, 0% used [0x918c0000,0x918c0000,0x9a540000)
  from space 54784K, 99% used [0x9fa40000,0xa2fbc350,0xa2fc0000)
  to   space 71936K, 0% used [0x9a540000,0x9a540000,0x9eb80000)
 ParOldGen       total 178688K, used 124755K [0x66e00000, 0x71c80000, 0x918c0000)
  object space 178688K, 69% used [0x66e00000,0x6e7d4e20,0x71c80000)
 Metaspace       used 4228K, capacity 4262K, committed 4376K, reserved 4400K
}
Event: 11.880 GC heap before
{Heap before GC invocations=13 (full 2):
 PSYoungGen      total 198656K, used 198640K [0x918c0000, 0xa31c0000, 0xa6e00000)
  eden space 143872K, 100% used [0x918c0000,0x9a540000,0x9a540000)
  from space 54784K, 99% used [0x9fa40000,0xa2fbc350,0xa2fc0000)
  to   space 71936K, 0% used [0x9a540000,0x9a540000,0x9eb80000)
 ParOldGen       total 178688K, used 124755K [0x66e00000, 0x71c80000, 0x918c0000)
  object space 178688K, 69% used [0x66e00000,0x6e7d4e20,0x71c80000)
 Metaspace       used 4233K, capacity 4262K, committed 4376K, reserved 4400K
Event: 11.923 GC heap after
Heap after GC invocations=13 (full 2):
 PSYoungGen      total 215808K, used 29598K [0x918c0000, 0xa4c80000, 0xa6e00000)
  eden space 143872K, 0% used [0x918c0000,0x918c0000,0x9a540000)
  from space 71936K, 41% used [0x9a540000,0x9c227b28,0x9eb80000)
  to   space 69376K, 0% used [0xa08c0000,0xa08c0000,0xa4c80000)
 ParOldGen       total 192000K, used 190092K [0x66e00000, 0x72980000, 0x918c0000)
  object space 192000K, 99% used [0x66e00000,0x727a30d0,0x72980000)
 Metaspace       used 4233K, capacity 4262K, committed 4376K, reserved 4400K
}
Event: 11.923 GC heap before
{Heap before GC invocations=14 (full 3):
 PSYoungGen      total 215808K, used 29598K [0x918c0000, 0xa4c80000, 0xa6e00000)
  eden space 143872K, 0% used [0x918c0000,0x918c0000,0x9a540000)
  from space 71936K, 41% used [0x9a540000,0x9c227b28,0x9eb80000)
  to   space 69376K, 0% used [0xa08c0000,0xa08c0000,0xa4c80000)
 ParOldGen       total 192000K, used 190092K [0x66e00000, 0x72980000, 0x918c0000)
  object space 192000K, 99% used [0x66e00000,0x727a30d0,0x72980000)
 Metaspace       used 4233K, capacity 4262K, committed 4376K, reserved 4400K

