# JRE version: OpenJDK Runtime Environment (8.0_111-b14) (build 1.8.0_111-8u111-b14-3~14.04.1-b14)
# Java VM: OpenJDK Server VM (25.111-b14 mixed mode linux-x86 )
Heap:
 PSYoungGen      total 69120K, used 2557K [0x918c0000, 0x95ec0000, 0xa6e00000)
  eden space 66560K, 0% used [0x918c0000,0x918c0000,0x959c0000)
  from space 2560K, 99% used [0x959c0000,0x95c3f5f0,0x95c40000)
  to   space 2560K, 0% used [0x95c40000,0x95c40000,0x95ec0000)
 ParOldGen       total 43776K, used 22894K [0x66e00000, 0x698c0000, 0x918c0000)
  object space 43776K, 52% used [0x66e00000,0x6845bba0,0x698c0000)
 Metaspace       used 4012K, capacity 4070K, committed 4120K, reserved 4400K
GC Heap History (9 events):
Event: 1.646 GC heap before
{Heap before GC invocations=1 (full 0):
 PSYoungGen      total 19200K, used 16640K [0x918c0000, 0x92e00000, 0xa6e00000)
  eden space 16640K, 100% used [0x918c0000,0x92900000,0x92900000)
  from space 2560K, 0% used [0x92b80000,0x92b80000,0x92e00000)
  to   space 2560K, 0% used [0x92900000,0x92900000,0x92b80000)
 ParOldGen       total 43776K, used 0K [0x66e00000, 0x698c0000, 0x918c0000)
  object space 43776K, 0% used [0x66e00000,0x66e00000,0x698c0000)
 Metaspace       used 3466K, capacity 3526K, committed 3608K, reserved 4400K
Event: 1.684 GC heap after
Heap after GC invocations=1 (full 0):
 PSYoungGen      total 19200K, used 2558K [0x918c0000, 0x93e40000, 0xa6e00000)
  eden space 16640K, 0% used [0x918c0000,0x918c0000,0x92900000)
  from space 2560K, 99% used [0x92900000,0x92b7fb38,0x92b80000)
  to   space 2560K, 0% used [0x93bc0000,0x93bc0000,0x93e40000)
 ParOldGen       total 43776K, used 287K [0x66e00000, 0x698c0000, 0x918c0000)
  object space 43776K, 0% used [0x66e00000,0x66e47e38,0x698c0000)
 Metaspace       used 3466K, capacity 3526K, committed 3608K, reserved 4400K
}
Event: 2.287 GC heap before
{Heap before GC invocations=2 (full 0):
 PSYoungGen      total 19200K, used 19198K [0x918c0000, 0x93e40000, 0xa6e00000)
  eden space 16640K, 100% used [0x918c0000,0x92900000,0x92900000)
  from space 2560K, 99% used [0x92900000,0x92b7fb38,0x92b80000)
  to   space 2560K, 0% used [0x93bc0000,0x93bc0000,0x93e40000)
 ParOldGen       total 43776K, used 287K [0x66e00000, 0x698c0000, 0x918c0000)
  object space 43776K, 0% used [0x66e00000,0x66e47e38,0x698c0000)
 Metaspace       used 3776K, capacity 3782K, committed 3864K, reserved 4400K
Event: 2.313 GC heap after
Heap after GC invocations=2 (full 0):
 PSYoungGen      total 35840K, used 2555K [0x918c0000, 0x93e40000, 0xa6e00000)
  eden space 33280K, 0% used [0x918c0000,0x918c0000,0x93940000)
  from space 2560K, 99% used [0x93bc0000,0x93e3efa8,0x93e40000)
  to   space 2560K, 0% used [0x93940000,0x93940000,0x93bc0000)
 ParOldGen       total 43776K, used 1842K [0x66e00000, 0x698c0000, 0x918c0000)
  object space 43776K, 4% used [0x66e00000,0x66fcc990,0x698c0000)
 Metaspace       used 3776K, capacity 3782K, committed 3864K, reserved 4400K
}
Event: 2.853 GC heap before
{Heap before GC invocations=3 (full 0):
 PSYoungGen      total 35840K, used 35835K [0x918c0000, 0x93e40000, 0xa6e00000)
  eden space 33280K, 100% used [0x918c0000,0x93940000,0x93940000)
  from space 2560K, 99% used [0x93bc0000,0x93e3efa8,0x93e40000)
  to   space 2560K, 0% used [0x93940000,0x93940000,0x93bc0000)
 ParOldGen       total 43776K, used 1842K [0x66e00000, 0x698c0000, 0x918c0000)
  object space 43776K, 4% used [0x66e00000,0x66fcc990,0x698c0000)
 Metaspace       used 3814K, capacity 3846K, committed 3864K, reserved 4400K
Event: 2.900 GC heap after
Heap after GC invocations=3 (full 0):
 PSYoungGen      total 35840K, used 2548K [0x918c0000, 0x95ec0000, 0xa6e00000)
  eden space 33280K, 0% used [0x918c0000,0x918c0000,0x93940000)
  from space 2560K, 99% used [0x93940000,0x93bbd160,0x93bc0000)
  to   space 2560K, 0% used [0x95c40000,0x95c40000,0x95ec0000)
 ParOldGen       total 43776K, used 6946K [0x66e00000, 0x698c0000, 0x918c0000)
  object space 43776K, 15% used [0x66e00000,0x674c8a28,0x698c0000)
 Metaspace       used 3814K, capacity 3846K, committed 3864K, reserved 4400K
}
Event: 4.035 GC heap before
{Heap before GC invocations=4 (full 0):
 PSYoungGen      total 35840K, used 35828K [0x918c0000, 0x95ec0000, 0xa6e00000)
  eden space 33280K, 100% used [0x918c0000,0x93940000,0x93940000)
  from space 2560K, 99% used [0x93940000,0x93bbd160,0x93bc0000)
  to   space 2560K, 0% used [0x95c40000,0x95c40000,0x95ec0000)
 ParOldGen       total 43776K, used 6946K [0x66e00000, 0x698c0000, 0x918c0000)
  object space 43776K, 15% used [0x66e00000,0x674c8a28,0x698c0000)
 Metaspace       used 3946K, capacity 3974K, committed 3992K, reserved 4400K
Event: 4.088 GC heap after
Heap after GC invocations=4 (full 0):
 PSYoungGen      total 69120K, used 2545K [0x918c0000, 0x95ec0000, 0xa6e00000)
  eden space 66560K, 0% used [0x918c0000,0x918c0000,0x959c0000)
  from space 2560K, 99% used [0x95c40000,0x95ebc730,0x95ec0000)
  to   space 2560K, 0% used [0x959c0000,0x959c0000,0x95c40000)
 ParOldGen       total 43776K, used 12731K [0x66e00000, 0x698c0000, 0x918c0000)
  object space 43776K, 29% used [0x66e00000,0x67a6ef58,0x698c0000)
 Metaspace       used 3946K, capacity 3974K, committed 3992K, reserved 4400K
}
Event: 17.667 GC heap before
{Heap before GC invocations=5 (full 0):
 PSYoungGen      total 69120K, used 69105K [0x918c0000, 0x95ec0000, 0xa6e00000)
  eden space 66560K, 100% used [0x918c0000,0x959c0000,0x959c0000)
  from space 2560K, 99% used [0x95c40000,0x95ebc730,0x95ec0000)
  to   space 2560K, 0% used [0x959c0000,0x959c0000,0x95c40000)
 ParOldGen       total 43776K, used 12731K [0x66e00000, 0x698c0000, 0x918c0000)
  object space 43776K, 29% used [0x66e00000,0x67a6ef58,0x698c0000)
 Metaspace       used 4012K, capacity 4070K, committed 4120K, reserved 4400K

